[nest-prisma] error	23/02/12 02:04:25.772 getHello - { stack: [ 'AppController' ] }
[nest-prisma] error	23/02/12 02:05:18.651 getHello - { stack: [ 'AppController' ] }
[nest-prisma] error	23/02/12 11:05:53.902 [ExceptionsHandler] Cannot read properties of null (reading 'userId') - {
  stack: [
    "TypeError: Cannot read properties of null (reading 'userId')\n" +
      '    at AuthService.getUserFromToken (D:\\codes\\nestjs-prisma-starter\\src\\auth\\auth.service.ts:79:45)\n' +
      '    at AuthController.user (D:\\codes\\nestjs-prisma-starter\\src\\auth\\auth.controller.ts:65:41)\n' +
      '    at D:\\codes\\nestjs-prisma-starter\\node_modules\\@nestjs\\core\\router\\router-execution-context.js:38:29\n' +
      '    at D:\\codes\\nestjs-prisma-starter\\node_modules\\@nestjs\\core\\router\\router-execution-context.js:46:28\n' +
      '    at D:\\codes\\nestjs-prisma-starter\\node_modules\\@nestjs\\core\\router\\router-proxy.js:9:17'
  ]
}
[nest-prisma] error	23/02/12 11:08:58.517 [ExceptionsHandler] Cannot read properties of null (reading 'userId') - {
  stack: [
    "TypeError: Cannot read properties of null (reading 'userId')\n" +
      '    at AuthService.getUserFromToken (D:\\codes\\nestjs-prisma-starter\\src\\auth\\auth.service.ts:79:45)\n' +
      '    at AuthController.user (D:\\codes\\nestjs-prisma-starter\\src\\auth\\auth.controller.ts:65:41)\n' +
      '    at D:\\codes\\nestjs-prisma-starter\\node_modules\\@nestjs\\core\\router\\router-execution-context.js:38:29\n' +
      '    at D:\\codes\\nestjs-prisma-starter\\node_modules\\@nestjs\\core\\router\\router-execution-context.js:46:28\n' +
      '    at D:\\codes\\nestjs-prisma-starter\\node_modules\\@nestjs\\core\\router\\router-proxy.js:9:17'
  ]
}
[nest-prisma] error	23/02/12 11:22:19.907 [ExceptionsHandler] Cannot read properties of null (reading 'userId') - {
  stack: [
    "TypeError: Cannot read properties of null (reading 'userId')\n" +
      '    at AuthService.getUserFromToken (D:\\codes\\nestjs-prisma-starter\\src\\auth\\auth.service.ts:78:45)\n' +
      '    at AuthController.user (D:\\codes\\nestjs-prisma-starter\\src\\auth\\auth.controller.ts:65:41)\n' +
      '    at D:\\codes\\nestjs-prisma-starter\\node_modules\\@nestjs\\core\\router\\router-execution-context.js:38:29\n' +
      '    at D:\\codes\\nestjs-prisma-starter\\node_modules\\@nestjs\\core\\router\\router-execution-context.js:46:28\n' +
      '    at D:\\codes\\nestjs-prisma-starter\\node_modules\\@nestjs\\core\\router\\router-proxy.js:9:17'
  ]
}
[nest-prisma] error	23/02/12 11:23:42.091 [ExceptionsHandler] Cannot read properties of null (reading 'userId') - {
  stack: [
    "TypeError: Cannot read properties of null (reading 'userId')\n" +
      '    at AuthService.getUserFromToken (D:\\codes\\nestjs-prisma-starter\\src\\auth\\auth.service.ts:78:45)\n' +
      '    at AuthController.user (D:\\codes\\nestjs-prisma-starter\\src\\auth\\auth.controller.ts:66:41)\n' +
      '    at D:\\codes\\nestjs-prisma-starter\\node_modules\\@nestjs\\core\\router\\router-execution-context.js:38:29\n' +
      '    at D:\\codes\\nestjs-prisma-starter\\node_modules\\@nestjs\\core\\router\\router-execution-context.js:46:28\n' +
      '    at D:\\codes\\nestjs-prisma-starter\\node_modules\\@nestjs\\core\\router\\router-proxy.js:9:17'
  ]
}
